<?xml version="1.0" encoding="UTF-8"?>
<testng-results ignored="0" total="2" passed="1" failed="1" skipped="0">
  <reporter-output>
  </reporter-output>
  <suite started-at="2023-02-05T14:53:38 IST" name="demoBlazeSuite" finished-at="2023-02-05T14:54:33 IST" duration-ms="55487">
    <groups>
    </groups>
    <test started-at="2023-02-05T14:53:38 IST" name="demoBlazeTest" finished-at="2023-02-05T14:54:33 IST" duration-ms="55487">
      <class name="com.www.demoBlaze.testLayer.LoginTest">
        <test-method is-config="true" signature="setUp(java.lang.String)[pri:0, instance:com.www.demoBlaze.testLayer.LoginTest@15c43bd9]" started-at="2023-02-05T14:54:12 IST" name="setUp" finished-at="2023-02-05T14:54:16 IST" duration-ms="4299" status="PASS">
          <params>
            <param index="0">
              <value>
                <![CDATA[chrome]]>
              </value>
            </param>
          </params>
          <reporter-output>
          </reporter-output>
        </test-method> <!-- setUp -->
        <test-method signature="verifyLogin(java.lang.String,java.lang.String)[pri:0, instance:com.www.demoBlaze.testLayer.LoginTest@15c43bd9]" started-at="2023-02-05T14:54:16 IST" name="verifyLogin" data-provider="loginData" finished-at="2023-02-05T14:54:33 IST" duration-ms="16693" status="FAIL">
          <params>
            <param index="0">
              <value>
                <![CDATA[testacc3]]>
              </value>
            </param>
            <param index="1">
              <value>
                <![CDATA[test]]>
              </value>
            </param>
          </params>
          <exception class="java.lang.AssertionError">
            <message>
              <![CDATA[null]]>
            </message>
            <full-stacktrace>
              <![CDATA[java.lang.AssertionError: null
at org.testng.Assert.fail(Assert.java:99)
at org.testng.Assert.fail(Assert.java:106)
at com.www.demoBlaze.testLayer.LoginTest.verifyLogin(LoginTest.java:25)
at java.base/jdk.internal.reflect.DirectMethodHandleAccessor.invoke(DirectMethodHandleAccessor.java:104)
at java.base/java.lang.reflect.Method.invoke(Method.java:577)
at org.testng.internal.MethodInvocationHelper.invokeMethod(MethodInvocationHelper.java:133)
at org.testng.internal.TestInvoker.invokeMethod(TestInvoker.java:598)
at org.testng.internal.TestInvoker.invokeTestMethod(TestInvoker.java:173)
at org.testng.internal.MethodRunner.runInSequence(MethodRunner.java:46)
at org.testng.internal.TestInvoker$MethodInvocationAgent.invoke(TestInvoker.java:824)
at org.testng.internal.TestInvoker.invokeTestMethods(TestInvoker.java:146)
at org.testng.internal.TestMethodWorker.invokeTestMethods(TestMethodWorker.java:146)
at org.testng.internal.TestMethodWorker.run(TestMethodWorker.java:128)
at java.base/java.util.ArrayList.forEach(ArrayList.java:1511)
at org.testng.TestRunner.privateRun(TestRunner.java:794)
at org.testng.TestRunner.run(TestRunner.java:596)
at org.testng.SuiteRunner.runTest(SuiteRunner.java:377)
at org.testng.SuiteRunner.runSequentially(SuiteRunner.java:371)
at org.testng.SuiteRunner.privateRun(SuiteRunner.java:332)
at org.testng.SuiteRunner.run(SuiteRunner.java:276)
at org.testng.SuiteRunnerWorker.runSuite(SuiteRunnerWorker.java:53)
at org.testng.SuiteRunnerWorker.run(SuiteRunnerWorker.java:96)
at org.testng.TestNG.runSuitesSequentially(TestNG.java:1212)
at org.testng.TestNG.runSuitesLocally(TestNG.java:1134)
at org.testng.TestNG.runSuites(TestNG.java:1063)
at org.testng.TestNG.run(TestNG.java:1031)
at org.testng.remote.AbstractRemoteTestNG.run(AbstractRemoteTestNG.java:115)
at org.testng.remote.RemoteTestNG.initAndRun(RemoteTestNG.java:251)
at org.testng.remote.RemoteTestNG.main(RemoteTestNG.java:77)
]]>
            </full-stacktrace>
          </exception> <!-- java.lang.AssertionError -->
          <reporter-output>
          </reporter-output>
        </test-method> <!-- verifyLogin -->
        <test-method is-config="true" signature="tearDown()[pri:0, instance:com.www.demoBlaze.testLayer.LoginTest@15c43bd9]" started-at="2023-02-05T14:54:33 IST" name="tearDown" finished-at="2023-02-05T14:54:33 IST" duration-ms="257" status="PASS">
          <reporter-output>
          </reporter-output>
        </test-method> <!-- tearDown -->
      </class> <!-- com.www.demoBlaze.testLayer.LoginTest -->
      <class name="com.www.demoBlaze.testLayer.BuyFunctionalityWithoutLoginTest">
        <test-method is-config="true" signature="setUp(java.lang.String)[pri:0, instance:com.www.demoBlaze.testLayer.BuyFunctionalityWithoutLoginTest@72a7c7e0]" started-at="2023-02-05T14:53:38 IST" name="setUp" finished-at="2023-02-05T14:53:47 IST" duration-ms="9374" status="PASS">
          <params>
            <param index="0">
              <value>
                <![CDATA[chrome]]>
              </value>
            </param>
          </params>
          <reporter-output>
          </reporter-output>
        </test-method> <!-- setUp -->
        <test-method signature="buyFunctionalityWithoutLoginTes(java.lang.String,java.lang.String,java.lang.String,java.lang.String,java.lang.String,java.lang.String)[pri:0, instance:com.www.demoBlaze.testLayer.BuyFunctionalityWithoutLoginTest@72a7c7e0]" started-at="2023-02-05T14:53:47 IST" name="buyFunctionalityWithoutLoginTes" data-provider="placeOrderDatails" finished-at="2023-02-05T14:54:11 IST" duration-ms="23974" status="PASS">
          <params>
            <param index="0">
              <value>
                <![CDATA[messi]]>
              </value>
            </param>
            <param index="1">
              <value>
                <![CDATA[argentina]]>
              </value>
            </param>
            <param index="2">
              <value>
                <![CDATA[Buenos aires]]>
              </value>
            </param>
            <param index="3">
              <value>
                <![CDATA[12345667]]>
              </value>
            </param>
            <param index="4">
              <value>
                <![CDATA[feb]]>
              </value>
            </param>
            <param index="5">
              <value>
                <![CDATA[2024]]>
              </value>
            </param>
          </params>
          <reporter-output>
          </reporter-output>
        </test-method> <!-- buyFunctionalityWithoutLoginTes -->
        <test-method is-config="true" signature="tearDown()[pri:0, instance:com.www.demoBlaze.testLayer.BuyFunctionalityWithoutLoginTest@72a7c7e0]" started-at="2023-02-05T14:54:11 IST" name="tearDown" finished-at="2023-02-05T14:54:12 IST" duration-ms="257" status="PASS">
          <reporter-output>
          </reporter-output>
        </test-method> <!-- tearDown -->
      </class> <!-- com.www.demoBlaze.testLayer.BuyFunctionalityWithoutLoginTest -->
    </test> <!-- demoBlazeTest -->
  </suite> <!-- demoBlazeSuite -->
</testng-results>
